<?xml version="1.0" encoding="UTF-8"?>
<testng-results skipped="0" failed="0" ignored="0" total="1" passed="1">
  <reporter-output>
  </reporter-output>
  <suite name="Default suite" duration-ms="1860" started-at="2018-06-25T11:36:58Z" finished-at="2018-06-25T11:37:00Z">
    <groups>
    </groups>
    <test name="Default test" duration-ms="1860" started-at="2018-06-25T11:36:58Z" finished-at="2018-06-25T11:37:00Z">
      <class name="com.qait.automaton.Tatoc_Maven.TAtocMAven">
        <test-method status="PASS" signature="launchUrl()[pri:0, instance:com.qait.automaton.Tatoc_Maven.TAtocMAven@76a3e297]" name="launchUrl" duration-ms="1838" started-at="2018-06-25T11:36:58Z" finished-at="2018-06-25T11:37:00Z">
          <reporter-output>
          </reporter-output>
        </test-method> <!-- launchUrl -->
      </class> <!-- com.qait.automaton.Tatoc_Maven.TAtocMAven -->
    </test> <!-- Default test -->
  </suite> <!-- Default suite -->
</testng-results>
